<?xml version="1.0" encoding="UTF-8"?>
<!-- Generated by org.testng.reporters.JUnitReportReporter -->
<testsuite hostname="NTISHTCD31" name="com.loadtest.TestMultipleThreads" tests="1" failures="0" timestamp="16 May 2019 10:48:18 GMT" time="5.849" errors="0">
  <testcase name="loadTestThisWebsite" time="5.849" classname="com.loadtest.TestMultipleThreads"/>
</testsuite> <!-- com.loadtest.TestMultipleThreads -->
