<?xml version="1.0" encoding="UTF-8"?>
<!-- Generated by org.testng.reporters.JUnitReportReporter -->
<testsuite hostname="NTISHTCD31" name="com.mkyong.testng.examples.ignore.TestIgnore" tests="2" failures="0" timestamp="16 May 2019 09:00:12 GMT" time="0.003" errors="0">
  <testcase name="test2" time="0.000" classname="com.mkyong.testng.examples.ignore.TestIgnore"/>
  <testcase name="test1" time="0.003" classname="com.mkyong.testng.examples.ignore.TestIgnore"/>
</testsuite> <!-- com.mkyong.testng.examples.ignore.TestIgnore -->
