<?xml version="1.0" encoding="UTF-8"?>
<!-- Generated by org.testng.reporters.JUnitReportReporter -->
<testsuite hostname="NTISHTCD13" name="com.loadtest.TestMultipleThreads" tests="1" failures="0" timestamp="19 May 2019 21:26:55 GMT" time="66865.438" errors="0">
  <testcase name="loadTestofNewsPage" time="66865.438" classname="com.loadtest.TestMultipleThreads"/>
</testsuite> <!-- com.loadtest.TestMultipleThreads -->
