<?xml version="1.0" encoding="UTF-8"?>
<!-- Generated by org.testng.reporters.JUnitReportReporter -->
<testsuite hostname="NTISHTCD31" name="com.mkyong.testng.examples.exception.TestCheckedException" tests="2" failures="0" timestamp="16 May 2019 09:00:12 GMT" time="0.002" errors="0">
  <testcase name="throwIfOrderIsNotExists" time="0.002" classname="com.mkyong.testng.examples.exception.TestCheckedException"/>
  <testcase name="throwIfOrderIsNull" time="0.000" classname="com.mkyong.testng.examples.exception.TestCheckedException"/>
</testsuite> <!-- com.mkyong.testng.examples.exception.TestCheckedException -->
