<?xml version="1.0" encoding="UTF-8"?>
<!-- Generated by org.testng.reporters.JUnitReportReporter -->
<testsuite hostname="NTISHTCD31" name="com.mkyong.testng.examples.exception.TestRuntime" tests="1" failures="0" timestamp="16 May 2019 09:00:12 GMT" time="0.000" errors="0">
  <testcase name="divisionWithException" time="0.000" classname="com.mkyong.testng.examples.exception.TestRuntime"/>
</testsuite> <!-- com.mkyong.testng.examples.exception.TestRuntime -->
