<?xml version="1.0" encoding="UTF-8"?>
<!-- Generated by org.testng.reporters.JUnitReportReporter -->
<testsuite hostname="NTISHTCD13" name="com.loadtest.TestMultipleThreads" tests="5" failures="0" timestamp="17 May 2019 11:56:15 GMT" time="738.938" errors="0">
  <testcase name="loadTestofNewsPage" time="260.448" classname="com.loadtest.TestMultipleThreads"/>
  <testcase name="loadTestofNewsPage" time="31.207" classname="com.loadtest.TestMultipleThreads"/>
  <testcase name="loadTestofNewsPage" time="384.182" classname="com.loadtest.TestMultipleThreads"/>
  <testcase name="loadTestofNewsPage" time="32.685" classname="com.loadtest.TestMultipleThreads"/>
  <testcase name="loadTestofNewsPage" time="30.416" classname="com.loadtest.TestMultipleThreads"/>
</testsuite> <!-- com.loadtest.TestMultipleThreads -->
